1594310899.218278 client started (96881): version 3.1b, socket /private/tmp/tmux-501/default, protocol 8
1594310899.218389 on Darwin 19.5.0 Darwin Kernel Version 19.5.0: Tue May 26 20:41:44 PDT 2020; root:xnu-6153.121.2~2/RELEASE_X86_64; libevent 2.1.11-stable (select)
1594310899.218441 socket is /private/tmp/tmux-501/default
1594310899.218469 trying connect
1594310899.218576 add peer 0x7ff023531000: 6 (0x0)
1594310899.221905 sending message 100 to peer 0x7ff023531000 (4 bytes)
1594310899.221937 sending message 101 to peer 0x7ff023531000 (15 bytes)
1594310899.221949 sending message 102 to peer 0x7ff023531000 (13 bytes)
1594310899.221959 sending message 108 to peer 0x7ff023531000 (43 bytes)
1594310899.221983 sending message 104 to peer 0x7ff023531000 (0 bytes)
1594310899.221995 sending message 107 to peer 0x7ff023531000 (4 bytes)
1594310899.222005 sending message 105 to peer 0x7ff023531000 (14 bytes)
1594310899.222014 sending message 105 to peer 0x7ff023531000 (15 bytes)
1594310899.222024 sending message 105 to peer 0x7ff023531000 (20 bytes)
1594310899.222034 sending message 105 to peer 0x7ff023531000 (12 bytes)
1594310899.222043 sending message 105 to peer 0x7ff023531000 (30 bytes)
1594310899.222052 sending message 105 to peer 0x7ff023531000 (25 bytes)
1594310899.222061 sending message 105 to peer 0x7ff023531000 (27 bytes)
1594310899.222070 sending message 105 to peer 0x7ff023531000 (61 bytes)
1594310899.222078 sending message 105 to peer 0x7ff023531000 (17 bytes)
1594310899.222088 sending message 105 to peer 0x7ff023531000 (19 bytes)
1594310899.222097 sending message 105 to peer 0x7ff023531000 (27 bytes)
1594310899.222105 sending message 105 to peer 0x7ff023531000 (8 bytes)
1594310899.222115 sending message 105 to peer 0x7ff023531000 (21 bytes)
1594310899.222124 sending message 105 to peer 0x7ff023531000 (32 bytes)
1594310899.222132 sending message 105 to peer 0x7ff023531000 (297 bytes)
1594310899.222141 sending message 105 to peer 0x7ff023531000 (63 bytes)
1594310899.222150 sending message 105 to peer 0x7ff023531000 (11 bytes)
1594310899.222159 sending message 105 to peer 0x7ff023531000 (1566 bytes)
1594310899.222169 sending message 105 to peer 0x7ff023531000 (8943 bytes)
1594310899.222178 sending message 105 to peer 0x7ff023531000 (47 bytes)
1594310899.222187 sending message 105 to peer 0x7ff023531000 (16 bytes)
1594310899.222197 sending message 105 to peer 0x7ff023531000 (15 bytes)
1594310899.222206 sending message 105 to peer 0x7ff023531000 (8 bytes)
1594310899.222216 sending message 105 to peer 0x7ff023531000 (66 bytes)
1594310899.222227 sending message 105 to peer 0x7ff023531000 (20 bytes)
1594310899.222238 sending message 105 to peer 0x7ff023531000 (23 bytes)
1594310899.222247 sending message 105 to peer 0x7ff023531000 (28 bytes)
1594310899.222257 sending message 105 to peer 0x7ff023531000 (60 bytes)
1594310899.222266 sending message 105 to peer 0x7ff023531000 (57 bytes)
1594310899.222275 sending message 105 to peer 0x7ff023531000 (43 bytes)
1594310899.222284 sending message 105 to peer 0x7ff023531000 (13 bytes)
1594310899.222293 sending message 105 to peer 0x7ff023531000 (60 bytes)
1594310899.222302 sending message 105 to peer 0x7ff023531000 (18 bytes)
1594310899.222312 sending message 105 to peer 0x7ff023531000 (14 bytes)
1594310899.222322 sending message 105 to peer 0x7ff023531000 (19 bytes)
1594310899.222331 sending message 105 to peer 0x7ff023531000 (35 bytes)
1594310899.222341 sending message 105 to peer 0x7ff023531000 (26 bytes)
1594310899.222350 sending message 105 to peer 0x7ff023531000 (47 bytes)
1594310899.222360 sending message 105 to peer 0x7ff023531000 (30 bytes)
1594310899.222369 sending message 105 to peer 0x7ff023531000 (83 bytes)
1594310899.222377 sending message 105 to peer 0x7ff023531000 (32 bytes)
1594310899.222386 sending message 105 to peer 0x7ff023531000 (10 bytes)
1594310899.222394 sending message 105 to peer 0x7ff023531000 (33 bytes)
1594310899.222403 sending message 105 to peer 0x7ff023531000 (30 bytes)
1594310899.222411 sending message 105 to peer 0x7ff023531000 (47 bytes)
1594310899.222420 sending message 105 to peer 0x7ff023531000 (33 bytes)
1594310899.222465 sending message 105 to peer 0x7ff023531000 (16 bytes)
1594310899.222472 sending message 105 to peer 0x7ff023531000 (46 bytes)
1594310899.222477 sending message 105 to peer 0x7ff023531000 (42 bytes)
1594310899.222484 sending message 105 to peer 0x7ff023531000 (59 bytes)
1594310899.222489 sending message 105 to peer 0x7ff023531000 (39 bytes)
1594310899.222495 sending message 105 to peer 0x7ff023531000 (25 bytes)
1594310899.222500 sending message 105 to peer 0x7ff023531000 (46 bytes)
1594310899.222505 sending message 105 to peer 0x7ff023531000 (23 bytes)
1594310899.222510 sending message 105 to peer 0x7ff023531000 (61 bytes)
1594310899.222516 sending message 105 to peer 0x7ff023531000 (62 bytes)
1594310899.222521 sending message 105 to peer 0x7ff023531000 (12 bytes)
1594310899.222527 sending message 105 to peer 0x7ff023531000 (22 bytes)
1594310899.222532 sending message 106 to peer 0x7ff023531000 (0 bytes)
1594310899.222540 sending message 200 to peer 0x7ff023531000 (4 bytes)
1594310899.222546 client loop enter
1594310899.223039 peer 0x7ff023531000 message 211
1594310899.223069 peer 0x7ff023531000 message 203
1594310899.223081 client loop exit
